<testsuites id="" name="" tests="3" failures="1" skipped="0" errors="0" time="31.339827">
<testsuite name="coffee.spec.js" timestamp="2025-05-15T08:37:19.110Z" hostname="chromium" tests="1" failures="1" skipped="0" time="30.65" errors="0">
<testcase name="Buy Espresso 2 cups with success" classname="coffee.spec.js" time="30.65">
<failure message="coffee.spec.js:3:5 Buy Espresso 2 cups with success" type="FAILURE">
<![CDATA[  [chromium] › coffee.spec.js:3:5 › Buy Espresso 2 cups with success ───────────────────────────────

    Test timeout of 30000ms exceeded.

    Error: locator.click: Test timeout of 30000ms exceeded.
    Call log:
      - waiting for locator('[data-test="Espresso2"]')


      3 | test('Buy Espresso 2 cups with success', async ({ page }) => {
      4 |   await page.goto('https://seleniumbase.io/coffee/');
    > 5 |   await page.locator('[data-test="Espresso2"]').click();
        |                                                 ^
      6 |   await page.locator('[data-test="Espresso"]').click();
      7 |   await page.getByRole('link', { name: 'Cart page' }).click();
      8 |   await expect(page.locator('[data-test="checkout"]')).toContainText('Total: $20.00');
        at /Users/somkiatpuisungnoen/data/slide/automated-testing/demo-software-testing-202505/swpark20250515/playwright/tests/coffee.spec.js:5:49

    attachment #1: video (video/webm) ──────────────────────────────────────────────────────────────
    test-results/coffee-Buy-Espresso-2-cups-with-success-chromium/video.webm
    ────────────────────────────────────────────────────────────────────────────────────────────────

    Error Context: ../test-results/coffee-Buy-Espresso-2-cups-with-success-chromium/error-context.md
]]>
</failure>
<system-out>
<![CDATA[
[[ATTACHMENT|test-results/coffee-Buy-Espresso-2-cups-with-success-chromium/video.webm]]

[[ATTACHMENT|test-results/coffee-Buy-Espresso-2-cups-with-success-chromium/error-context.md]]
]]>
</system-out>
</testcase>
</testsuite>
<testsuite name="example.spec.js" timestamp="2025-05-15T08:37:19.110Z" hostname="chromium" tests="2" failures="0" skipped="0" time="3.59" errors="0">
<testcase name="has title" classname="example.spec.js" time="1.705">
<system-out>
<![CDATA[
[[ATTACHMENT|test-results/example-has-title-chromium/video.webm]]
]]>
</system-out>
</testcase>
<testcase name="get started link" classname="example.spec.js" time="1.885">
<system-out>
<![CDATA[
[[ATTACHMENT|test-results/example-get-started-link-chromium/video.webm]]
]]>
</system-out>
</testcase>
</testsuite>
</testsuites>